  [1m[36m (101.6ms)[0m  [1mCREATE TABLE "schema_migrations" ("version" varchar NOT NULL) [0m
  [1m[35m (0.2ms)[0m  select sqlite_version(*)
  [1m[36m (109.9ms)[0m  [1mCREATE UNIQUE INDEX "unique_schema_migrations" ON "schema_migrations" ("version")[0m
  [1m[35mActiveRecord::SchemaMigration Load (0.2ms)[0m  SELECT "schema_migrations".* FROM "schema_migrations"
Migrating to CreateTodoItems (20151206120140)
  [1m[36m (0.2ms)[0m  [1mbegin transaction[0m
  [1m[35m (0.6ms)[0m  CREATE TABLE "todo_items" ("id" INTEGER PRIMARY KEY AUTOINCREMENT NOT NULL, "due_date" date, "title" varchar, "description" text, "completed" boolean, "created_at" datetime NOT NULL, "updated_at" datetime NOT NULL) 
  [1m[36mSQL (0.3ms)[0m  [1mINSERT INTO "schema_migrations" ("version") VALUES (?)[0m  [["version", "20151206120140"]]
  [1m[35m (97.2ms)[0m  commit transaction
  [1m[36mActiveRecord::SchemaMigration Load (0.2ms)[0m  [1mSELECT "schema_migrations".* FROM "schema_migrations"[0m
  [1m[36mActiveRecord::SchemaMigration Load (0.1ms)[0m  [1mSELECT "schema_migrations".* FROM "schema_migrations"[0m
  [1m[35mTodoItem Load (0.1ms)[0m  SELECT "todo_items".* FROM "todo_items"
  [1m[36m (0.1ms)[0m  [1mbegin transaction[0m
  [1m[35mSQL (0.2ms)[0m  INSERT INTO "todo_items" ("title", "due_date", "description", "completed", "created_at", "updated_at") VALUES (?, ?, ?, ?, ?, ?)  [["title", "Task 1"], ["due_date", "2015-12-06"], ["description", "very important task TEST"], ["completed", "f"], ["created_at", "2015-12-06 12:04:09.348513"], ["updated_at", "2015-12-06 12:04:09.348513"]]
  [1m[36m (107.5ms)[0m  [1mcommit transaction[0m
  [1m[35m (0.2ms)[0m  begin transaction
  [1m[36mSQL (0.3ms)[0m  [1mINSERT INTO "todo_items" ("title", "due_date", "description", "completed", "created_at", "updated_at") VALUES (?, ?, ?, ?, ?, ?)[0m  [["title", "Task 2"], ["due_date", "2015-12-04"], ["description", "learn ruby TEST"], ["completed", "t"], ["created_at", "2015-12-06 12:04:09.459770"], ["updated_at", "2015-12-06 12:04:09.459770"]]
  [1m[35m (97.0ms)[0m  commit transaction
  [1m[36m (0.1ms)[0m  [1mbegin transaction[0m
  [1m[35mSQL (0.3ms)[0m  INSERT INTO "todo_items" ("title", "due_date", "description", "completed", "created_at", "updated_at") VALUES (?, ?, ?, ?, ?, ?)  [["title", "Task 3"], ["due_date", "2015-12-03"], ["description", "learn Active Record TEST"], ["completed", "t"], ["created_at", "2015-12-06 12:04:09.560027"], ["updated_at", "2015-12-06 12:04:09.560027"]]
  [1m[36m (109.1ms)[0m  [1mcommit transaction[0m


Started GET "/" for 127.0.0.1 at 2015-12-06 14:08:10 +0200
  [1m[36mActiveRecord::SchemaMigration Load (0.1ms)[0m  [1mSELECT "schema_migrations".* FROM "schema_migrations"[0m
Processing by Rails::WelcomeController#index as HTML
  Rendered /home/n1amr/.rbenv/versions/2.2.2/lib/ruby/gems/2.2.0/gems/railties-4.2.3/lib/rails/templates/rails/welcome/index.html.erb (1.2ms)
Completed 200 OK in 12ms (Views: 5.2ms | ActiveRecord: 0.0ms)


Started GET "/todo_items" for 127.0.0.1 at 2015-12-06 14:08:18 +0200
Processing by TodoItemsController#index as HTML
  [1m[35mTodoItem Load (0.3ms)[0m  SELECT "todo_items".* FROM "todo_items"
  Rendered todo_items/index.html.erb within layouts/application (14.2ms)
Completed 200 OK in 723ms (Views: 719.3ms | ActiveRecord: 0.8ms)


Started GET "/assets/scaffolds.self-613d6ba06a9bb43d65a63447046bd0854f739a39725f7f08f3020dead2f3f3e9.css?body=1" for 127.0.0.1 at 2015-12-06 14:08:19 +0200


Started GET "/assets/todo_items.self-e3b0c44298fc1c149afbf4c8996fb92427ae41e4649b934ca495991b7852b855.css?body=1" for 127.0.0.1 at 2015-12-06 14:08:19 +0200


Started GET "/assets/todo_items.self-877aef30ae1b040ab8a3aba4e3e309a11d7f2612f44dde450b5c157aa5f95c05.js?body=1" for 127.0.0.1 at 2015-12-06 14:08:19 +0200


Started GET "/assets/application.self-e80e8f2318043e8af94dddc2adad5a4f09739a8ebb323b3ab31cd71d45fd9113.css?body=1" for 127.0.0.1 at 2015-12-06 14:08:19 +0200


Started GET "/assets/jquery.self-a714331225dda820228db323939889f149aec0127aeb06255646b616ba1ca419.js?body=1" for 127.0.0.1 at 2015-12-06 14:08:19 +0200


Started GET "/assets/turbolinks.self-c37727e9bd6b2735da5c311aa83fead54ed0be6cc8bd9a65309e9c5abe2cbfff.js?body=1" for 127.0.0.1 at 2015-12-06 14:08:19 +0200


Started GET "/assets/jquery_ujs.self-d456baa54c1fa6be2ec3711f0a72ddf7a5b2f34a6b4f515f33767d6207b7d4b3.js?body=1" for 127.0.0.1 at 2015-12-06 14:08:19 +0200


Started GET "/assets/application.self-3b8dabdc891efe46b9a144b400ad69e37d7e5876bdc39dee783419a69d7ca819.js?body=1" for 127.0.0.1 at 2015-12-06 14:08:19 +0200


Started GET "/todo_items/new" for 127.0.0.1 at 2015-12-06 14:09:32 +0200
Processing by TodoItemsController#new as HTML
  Rendered todo_items/_form.html.erb (23.3ms)
  Rendered todo_items/new.html.erb within layouts/application (28.2ms)
Completed 200 OK in 60ms (Views: 58.5ms | ActiveRecord: 0.0ms)


Started POST "/todo_items" for 127.0.0.1 at 2015-12-06 14:09:43 +0200
Processing by TodoItemsController#create as HTML
  Parameters: {"utf8"=>"✓", "authenticity_token"=>"1C3npop1cvY9vJBnhWersIQSP/QFA2a8jQ2fIMGMxjcn5axqBcA4GnFlP/UzoyJZzzwX14iX9CtrzMhn4e5/ug==", "todo_item"=>{"due_date(1i)"=>"2015", "due_date(2i)"=>"12", "due_date(3i)"=>"6", "title"=>"a", "description"=>"aa", "completed"=>"1"}, "commit"=>"Create Todo item"}
  [1m[36m (0.1ms)[0m  [1mbegin transaction[0m
  [1m[35mSQL (0.4ms)[0m  INSERT INTO "todo_items" ("title", "description", "completed", "due_date", "created_at", "updated_at") VALUES (?, ?, ?, ?, ?, ?)  [["title", "a"], ["description", "aa"], ["completed", "t"], ["due_date", "2015-12-06"], ["created_at", "2015-12-06 12:09:43.160908"], ["updated_at", "2015-12-06 12:09:43.160908"]]
  [1m[36m (336.5ms)[0m  [1mcommit transaction[0m
Redirected to http://0.0.0.0:3000/todo_items/4
Completed 302 Found in 345ms (ActiveRecord: 337.0ms)


Started GET "/todo_items/4" for 127.0.0.1 at 2015-12-06 14:09:43 +0200
Processing by TodoItemsController#show as HTML
  Parameters: {"id"=>"4"}
  [1m[35mTodoItem Load (0.3ms)[0m  SELECT  "todo_items".* FROM "todo_items" WHERE "todo_items"."id" = ? LIMIT 1  [["id", 4]]
  Rendered todo_items/show.html.erb within layouts/application (1.6ms)
Completed 200 OK in 52ms (Views: 43.1ms | ActiveRecord: 0.3ms)


Started GET "/todo_items" for 127.0.0.1 at 2015-12-06 14:09:45 +0200
Processing by TodoItemsController#index as HTML
  [1m[36mTodoItem Load (0.3ms)[0m  [1mSELECT "todo_items".* FROM "todo_items"[0m
  Rendered todo_items/index.html.erb within layouts/application (5.1ms)
Completed 200 OK in 52ms (Views: 50.8ms | ActiveRecord: 0.3ms)


Started GET "/todo_items/new" for 127.0.0.1 at 2015-12-06 14:09:48 +0200
Processing by TodoItemsController#new as HTML
  Rendered todo_items/_form.html.erb (5.6ms)
  Rendered todo_items/new.html.erb within layouts/application (6.9ms)
Completed 200 OK in 38ms (Views: 37.6ms | ActiveRecord: 0.0ms)


Started POST "/todo_items" for 127.0.0.1 at 2015-12-06 14:09:59 +0200
Processing by TodoItemsController#create as HTML
  Parameters: {"utf8"=>"✓", "authenticity_token"=>"7dwSlrbWqEBnHZ2l+WIxaf7iBkKl8bptaqWFUg4+YjAeFFlaOWPirCvEMjdPpriAtcwuYShlKPqMZNIVLlzbvQ==", "todo_item"=>{"due_date(1i)"=>"2015", "due_date(2i)"=>"12", "due_date(3i)"=>"6", "title"=>"aa", "description"=>"aaa", "completed"=>"1"}, "commit"=>"Create Todo item"}
  [1m[35m (0.1ms)[0m  begin transaction
  [1m[36mSQL (0.2ms)[0m  [1mINSERT INTO "todo_items" ("title", "description", "completed", "due_date", "created_at", "updated_at") VALUES (?, ?, ?, ?, ?, ?)[0m  [["title", "aa"], ["description", "aaa"], ["completed", "t"], ["due_date", "2015-12-06"], ["created_at", "2015-12-06 12:09:59.477958"], ["updated_at", "2015-12-06 12:09:59.477958"]]
  [1m[35m (314.1ms)[0m  commit transaction
Redirected to http://0.0.0.0:3000/todo_items/5
Completed 302 Found in 319ms (ActiveRecord: 314.5ms)


Started GET "/todo_items/5" for 127.0.0.1 at 2015-12-06 14:09:59 +0200
Processing by TodoItemsController#show as HTML
  Parameters: {"id"=>"5"}
  [1m[36mTodoItem Load (0.2ms)[0m  [1mSELECT  "todo_items".* FROM "todo_items" WHERE "todo_items"."id" = ? LIMIT 1[0m  [["id", 5]]
  Rendered todo_items/show.html.erb within layouts/application (0.5ms)
Completed 200 OK in 41ms (Views: 39.1ms | ActiveRecord: 0.2ms)


Started GET "/todo_items" for 127.0.0.1 at 2015-12-06 14:10:01 +0200
Processing by TodoItemsController#index as HTML
  [1m[35mTodoItem Load (0.3ms)[0m  SELECT "todo_items".* FROM "todo_items"
  Rendered todo_items/index.html.erb within layouts/application (3.5ms)
Completed 200 OK in 42ms (Views: 40.9ms | ActiveRecord: 0.3ms)


Started GET "/todo_items" for 127.0.0.1 at 2015-12-06 14:14:37 +0200
Processing by TodoItemsController#index as HTML
  [1m[36mTodoItem Load (0.4ms)[0m  [1mSELECT "todo_items".* FROM "todo_items"[0m
  Rendered todo_items/index.html.erb within layouts/application (8.5ms)
Completed 200 OK in 38ms (Views: 35.9ms | ActiveRecord: 0.7ms)


Started GET "/assets/scaffolds.self-613d6ba06a9bb43d65a63447046bd0854f739a39725f7f08f3020dead2f3f3e9.css?body=1" for 127.0.0.1 at 2015-12-06 14:14:37 +0200


Started GET "/assets/todo_items.self-e3b0c44298fc1c149afbf4c8996fb92427ae41e4649b934ca495991b7852b855.css?body=1" for 127.0.0.1 at 2015-12-06 14:14:37 +0200


Started GET "/assets/jquery.self-a714331225dda820228db323939889f149aec0127aeb06255646b616ba1ca419.js?body=1" for 127.0.0.1 at 2015-12-06 14:14:37 +0200


Started GET "/assets/application.self-e80e8f2318043e8af94dddc2adad5a4f09739a8ebb323b3ab31cd71d45fd9113.css?body=1" for 127.0.0.1 at 2015-12-06 14:14:37 +0200


Started GET "/assets/jquery_ujs.self-d456baa54c1fa6be2ec3711f0a72ddf7a5b2f34a6b4f515f33767d6207b7d4b3.js?body=1" for 127.0.0.1 at 2015-12-06 14:14:37 +0200


Started GET "/assets/turbolinks.self-c37727e9bd6b2735da5c311aa83fead54ed0be6cc8bd9a65309e9c5abe2cbfff.js?body=1" for 127.0.0.1 at 2015-12-06 14:14:37 +0200


Started GET "/assets/todo_items.self-877aef30ae1b040ab8a3aba4e3e309a11d7f2612f44dde450b5c157aa5f95c05.js?body=1" for 127.0.0.1 at 2015-12-06 14:14:37 +0200


Started GET "/assets/application.self-3b8dabdc891efe46b9a144b400ad69e37d7e5876bdc39dee783419a69d7ca819.js?body=1" for 127.0.0.1 at 2015-12-06 14:14:37 +0200


Started GET "/todo_items/1" for 127.0.0.1 at 2015-12-06 14:18:23 +0200
Processing by TodoItemsController#show as HTML
  Parameters: {"id"=>"1"}
  [1m[35mTodoItem Load (0.2ms)[0m  SELECT  "todo_items".* FROM "todo_items" WHERE "todo_items"."id" = ? LIMIT 1  [["id", 1]]
  Rendered todo_items/show.html.erb within layouts/application (1.4ms)
Completed 200 OK in 36ms (Views: 33.9ms | ActiveRecord: 0.2ms)


Started GET "/todo_items/1/edit" for 127.0.0.1 at 2015-12-06 14:18:25 +0200
Processing by TodoItemsController#edit as HTML
  Parameters: {"id"=>"1"}
  [1m[36mTodoItem Load (0.2ms)[0m  [1mSELECT  "todo_items".* FROM "todo_items" WHERE "todo_items"."id" = ? LIMIT 1[0m  [["id", 1]]
  Rendered todo_items/_form.html.erb (2.6ms)
  Rendered todo_items/edit.html.erb within layouts/application (4.5ms)
Completed 500 Internal Server Error in 9ms (ActiveRecord: 0.2ms)

SyntaxError (/home/n1amr/assignment/todolists/app/views/todo_items/_form.html.erb:26: syntax error, unexpected ')', expecting keyword_then or ';' or '\n'
...unless @todo_item.new_record? );@output_buffer.safe_append='
...                               ^
/home/n1amr/assignment/todolists/app/views/todo_items/_form.html.erb:31: syntax error, unexpected keyword_end, expecting ')'
'.freeze;   end 
               ^
/home/n1amr/assignment/todolists/app/views/todo_items/_form.html.erb:35: syntax error, unexpected keyword_end, expecting ')'
'.freeze; end 
             ^
/home/n1amr/assignment/todolists/app/views/todo_items/_form.html.erb:37: syntax error, unexpected keyword_ensure, expecting ')'
/home/n1amr/assignment/todolists/app/views/todo_items/_form.html.erb:39: syntax error, unexpected keyword_end, expecting ')'):
  app/views/todo_items/_form.html.erb:26: syntax error, unexpected ')', expecting keyword_then or ';' or '\n'
  app/views/todo_items/_form.html.erb:31: syntax error, unexpected keyword_end, expecting ')'
  app/views/todo_items/_form.html.erb:35: syntax error, unexpected keyword_end, expecting ')'
  app/views/todo_items/_form.html.erb:37: syntax error, unexpected keyword_ensure, expecting ')'
  app/views/todo_items/_form.html.erb:39: syntax error, unexpected keyword_end, expecting ')'
  app/views/todo_items/edit.html.erb:3:in `_app_views_todo_items_edit_html_erb__4368615317806892083_69912389165100'


  Rendered /home/n1amr/.rbenv/versions/2.2.2/lib/ruby/gems/2.2.0/gems/actionpack-4.2.3/lib/action_dispatch/middleware/templates/rescues/_source.erb (12.0ms)
  Rendered /home/n1amr/.rbenv/versions/2.2.2/lib/ruby/gems/2.2.0/gems/actionpack-4.2.3/lib/action_dispatch/middleware/templates/rescues/_trace.html.erb (2.6ms)
  Rendered /home/n1amr/.rbenv/versions/2.2.2/lib/ruby/gems/2.2.0/gems/actionpack-4.2.3/lib/action_dispatch/middleware/templates/rescues/_request_and_response.html.erb (0.7ms)
  Rendered /home/n1amr/.rbenv/versions/2.2.2/lib/ruby/gems/2.2.0/gems/actionpack-4.2.3/lib/action_dispatch/middleware/templates/rescues/diagnostics.html.erb within rescues/layout (27.7ms)
  Rendered /home/n1amr/.rbenv/versions/2.2.2/lib/ruby/gems/2.2.0/gems/web-console-2.2.1/lib/web_console/templates/_markup.html.erb (0.2ms)
  Rendered /home/n1amr/.rbenv/versions/2.2.2/lib/ruby/gems/2.2.0/gems/web-console-2.2.1/lib/web_console/templates/_inner_console_markup.html.erb within layouts/inlined_string (0.2ms)
  Rendered /home/n1amr/.rbenv/versions/2.2.2/lib/ruby/gems/2.2.0/gems/web-console-2.2.1/lib/web_console/templates/_prompt_box_markup.html.erb within layouts/inlined_string (0.2ms)
  Rendered /home/n1amr/.rbenv/versions/2.2.2/lib/ruby/gems/2.2.0/gems/web-console-2.2.1/lib/web_console/templates/style.css.erb within layouts/inlined_string (0.2ms)
  Rendered /home/n1amr/.rbenv/versions/2.2.2/lib/ruby/gems/2.2.0/gems/web-console-2.2.1/lib/web_console/templates/console.js.erb within layouts/javascript (12.5ms)
  Rendered /home/n1amr/.rbenv/versions/2.2.2/lib/ruby/gems/2.2.0/gems/web-console-2.2.1/lib/web_console/templates/main.js.erb within layouts/javascript (0.2ms)
  Rendered /home/n1amr/.rbenv/versions/2.2.2/lib/ruby/gems/2.2.0/gems/web-console-2.2.1/lib/web_console/templates/error_page.js.erb within layouts/javascript (0.2ms)
  Rendered /home/n1amr/.rbenv/versions/2.2.2/lib/ruby/gems/2.2.0/gems/web-console-2.2.1/lib/web_console/templates/index.html.erb (25.1ms)


Started GET "/todo_items/1/edit" for 127.0.0.1 at 2015-12-06 14:18:25 +0200
Processing by TodoItemsController#edit as HTML
  Parameters: {"id"=>"1"}
  [1m[35mTodoItem Load (0.1ms)[0m  SELECT  "todo_items".* FROM "todo_items" WHERE "todo_items"."id" = ? LIMIT 1  [["id", 1]]
  Rendered todo_items/_form.html.erb (0.9ms)
  Rendered todo_items/edit.html.erb within layouts/application (1.6ms)
Completed 500 Internal Server Error in 3ms (ActiveRecord: 0.1ms)

SyntaxError (/home/n1amr/assignment/todolists/app/views/todo_items/_form.html.erb:26: syntax error, unexpected ')', expecting keyword_then or ';' or '\n'
...unless @todo_item.new_record? );@output_buffer.safe_append='
...                               ^
/home/n1amr/assignment/todolists/app/views/todo_items/_form.html.erb:31: syntax error, unexpected keyword_end, expecting ')'
'.freeze;   end 
               ^
/home/n1amr/assignment/todolists/app/views/todo_items/_form.html.erb:35: syntax error, unexpected keyword_end, expecting ')'
'.freeze; end 
             ^
/home/n1amr/assignment/todolists/app/views/todo_items/_form.html.erb:37: syntax error, unexpected keyword_ensure, expecting ')'
/home/n1amr/assignment/todolists/app/views/todo_items/_form.html.erb:39: syntax error, unexpected keyword_end, expecting ')'):
  app/views/todo_items/_form.html.erb:26: syntax error, unexpected ')', expecting keyword_then or ';' or '\n'
  app/views/todo_items/_form.html.erb:31: syntax error, unexpected keyword_end, expecting ')'
  app/views/todo_items/_form.html.erb:35: syntax error, unexpected keyword_end, expecting ')'
  app/views/todo_items/_form.html.erb:37: syntax error, unexpected keyword_ensure, expecting ')'
  app/views/todo_items/_form.html.erb:39: syntax error, unexpected keyword_end, expecting ')'
  app/views/todo_items/edit.html.erb:3:in `_app_views_todo_items_edit_html_erb__4368615317806892083_69912274503560'


  Rendered /home/n1amr/.rbenv/versions/2.2.2/lib/ruby/gems/2.2.0/gems/actionpack-4.2.3/lib/action_dispatch/middleware/templates/rescues/_source.erb (6.7ms)
  Rendered /home/n1amr/.rbenv/versions/2.2.2/lib/ruby/gems/2.2.0/gems/actionpack-4.2.3/lib/action_dispatch/middleware/templates/rescues/_trace.html.erb (2.4ms)
  Rendered /home/n1amr/.rbenv/versions/2.2.2/lib/ruby/gems/2.2.0/gems/actionpack-4.2.3/lib/action_dispatch/middleware/templates/rescues/_request_and_response.html.erb (0.7ms)
  Rendered /home/n1amr/.rbenv/versions/2.2.2/lib/ruby/gems/2.2.0/gems/actionpack-4.2.3/lib/action_dispatch/middleware/templates/rescues/diagnostics.html.erb within rescues/layout (21.4ms)
  Rendered /home/n1amr/.rbenv/versions/2.2.2/lib/ruby/gems/2.2.0/gems/web-console-2.2.1/lib/web_console/templates/_markup.html.erb (0.2ms)
  Rendered /home/n1amr/.rbenv/versions/2.2.2/lib/ruby/gems/2.2.0/gems/web-console-2.2.1/lib/web_console/templates/_inner_console_markup.html.erb within layouts/inlined_string (0.2ms)
  Rendered /home/n1amr/.rbenv/versions/2.2.2/lib/ruby/gems/2.2.0/gems/web-console-2.2.1/lib/web_console/templates/_prompt_box_markup.html.erb within layouts/inlined_string (0.2ms)
  Rendered /home/n1amr/.rbenv/versions/2.2.2/lib/ruby/gems/2.2.0/gems/web-console-2.2.1/lib/web_console/templates/style.css.erb within layouts/inlined_string (0.2ms)
  Rendered /home/n1amr/.rbenv/versions/2.2.2/lib/ruby/gems/2.2.0/gems/web-console-2.2.1/lib/web_console/templates/console.js.erb within layouts/javascript (12.4ms)
  Rendered /home/n1amr/.rbenv/versions/2.2.2/lib/ruby/gems/2.2.0/gems/web-console-2.2.1/lib/web_console/templates/main.js.erb within layouts/javascript (0.2ms)
  Rendered /home/n1amr/.rbenv/versions/2.2.2/lib/ruby/gems/2.2.0/gems/web-console-2.2.1/lib/web_console/templates/error_page.js.erb within layouts/javascript (0.2ms)
  Rendered /home/n1amr/.rbenv/versions/2.2.2/lib/ruby/gems/2.2.0/gems/web-console-2.2.1/lib/web_console/templates/index.html.erb (24.5ms)


Started GET "/todo_items/1/edit" for 127.0.0.1 at 2015-12-06 14:18:38 +0200
Processing by TodoItemsController#edit as HTML
  Parameters: {"id"=>"1"}
  [1m[36mTodoItem Load (0.2ms)[0m  [1mSELECT  "todo_items".* FROM "todo_items" WHERE "todo_items"."id" = ? LIMIT 1[0m  [["id", 1]]
  Rendered todo_items/_form.html.erb (7.3ms)
  Rendered todo_items/edit.html.erb within layouts/application (8.5ms)
Completed 200 OK in 60ms (Views: 58.8ms | ActiveRecord: 0.2ms)


Started GET "/assets/scaffolds.self-613d6ba06a9bb43d65a63447046bd0854f739a39725f7f08f3020dead2f3f3e9.css?body=1" for 127.0.0.1 at 2015-12-06 14:18:39 +0200


Started GET "/assets/todo_items.self-e3b0c44298fc1c149afbf4c8996fb92427ae41e4649b934ca495991b7852b855.css?body=1" for 127.0.0.1 at 2015-12-06 14:18:39 +0200


Started GET "/assets/jquery.self-a714331225dda820228db323939889f149aec0127aeb06255646b616ba1ca419.js?body=1" for 127.0.0.1 at 2015-12-06 14:18:39 +0200


Started GET "/assets/application.self-e80e8f2318043e8af94dddc2adad5a4f09739a8ebb323b3ab31cd71d45fd9113.css?body=1" for 127.0.0.1 at 2015-12-06 14:18:39 +0200


Started GET "/assets/jquery_ujs.self-d456baa54c1fa6be2ec3711f0a72ddf7a5b2f34a6b4f515f33767d6207b7d4b3.js?body=1" for 127.0.0.1 at 2015-12-06 14:18:39 +0200


Started GET "/assets/turbolinks.self-c37727e9bd6b2735da5c311aa83fead54ed0be6cc8bd9a65309e9c5abe2cbfff.js?body=1" for 127.0.0.1 at 2015-12-06 14:18:39 +0200


Started GET "/assets/todo_items.self-877aef30ae1b040ab8a3aba4e3e309a11d7f2612f44dde450b5c157aa5f95c05.js?body=1" for 127.0.0.1 at 2015-12-06 14:18:39 +0200


Started GET "/assets/application.self-3b8dabdc891efe46b9a144b400ad69e37d7e5876bdc39dee783419a69d7ca819.js?body=1" for 127.0.0.1 at 2015-12-06 14:18:39 +0200


Started GET "/todo_items" for 127.0.0.1 at 2015-12-06 14:18:42 +0200
Processing by TodoItemsController#index as HTML
  [1m[35mTodoItem Load (0.3ms)[0m  SELECT "todo_items".* FROM "todo_items"
  Rendered todo_items/index.html.erb within layouts/application (5.0ms)
Completed 200 OK in 48ms (Views: 46.3ms | ActiveRecord: 0.3ms)


Started GET "/todo_items/new" for 127.0.0.1 at 2015-12-06 14:18:44 +0200
Processing by TodoItemsController#new as HTML
  Rendered todo_items/_form.html.erb (6.1ms)
  Rendered todo_items/new.html.erb within layouts/application (7.3ms)
Completed 200 OK in 46ms (Views: 44.9ms | ActiveRecord: 0.0ms)


Started GET "/todo_items" for 127.0.0.1 at 2015-12-06 14:18:47 +0200
Processing by TodoItemsController#index as HTML
  [1m[36mTodoItem Load (0.3ms)[0m  [1mSELECT "todo_items".* FROM "todo_items"[0m
  Rendered todo_items/index.html.erb within layouts/application (3.9ms)
Completed 200 OK in 48ms (Views: 47.0ms | ActiveRecord: 0.3ms)
  [1m[36m (0.1ms)[0m  [1mSELECT COUNT(*) FROM "todo_items"[0m
  [1m[36m (0.2ms)[0m  [1mSELECT COUNT(*) FROM "todo_items"[0m


Started GET "/todo_items" for 127.0.0.1 at 2015-12-06 14:27:00 +0200
  [1m[36mActiveRecord::SchemaMigration Load (0.1ms)[0m  [1mSELECT "schema_migrations".* FROM "schema_migrations"[0m
Processing by TodoItemsController#index as HTML
  [1m[35mTodoItem Load (0.1ms)[0m  SELECT "todo_items".* FROM "todo_items"
  Rendered todo_items/index.html.erb within layouts/application (8.9ms)
Completed 200 OK in 147ms (Views: 137.6ms | ActiveRecord: 0.4ms)


Started GET "/assets/scaffolds.self-613d6ba06a9bb43d65a63447046bd0854f739a39725f7f08f3020dead2f3f3e9.css?body=1" for 127.0.0.1 at 2015-12-06 14:27:00 +0200


Started GET "/assets/jquery.self-a714331225dda820228db323939889f149aec0127aeb06255646b616ba1ca419.js?body=1" for 127.0.0.1 at 2015-12-06 14:27:00 +0200


Started GET "/assets/todo_items.self-e3b0c44298fc1c149afbf4c8996fb92427ae41e4649b934ca495991b7852b855.css?body=1" for 127.0.0.1 at 2015-12-06 14:27:00 +0200


Started GET "/assets/application.self-e80e8f2318043e8af94dddc2adad5a4f09739a8ebb323b3ab31cd71d45fd9113.css?body=1" for 127.0.0.1 at 2015-12-06 14:27:00 +0200


Started GET "/assets/jquery_ujs.self-d456baa54c1fa6be2ec3711f0a72ddf7a5b2f34a6b4f515f33767d6207b7d4b3.js?body=1" for 127.0.0.1 at 2015-12-06 14:27:00 +0200


Started GET "/assets/turbolinks.self-c37727e9bd6b2735da5c311aa83fead54ed0be6cc8bd9a65309e9c5abe2cbfff.js?body=1" for 127.0.0.1 at 2015-12-06 14:27:00 +0200


Started GET "/assets/todo_items.self-877aef30ae1b040ab8a3aba4e3e309a11d7f2612f44dde450b5c157aa5f95c05.js?body=1" for 127.0.0.1 at 2015-12-06 14:27:00 +0200


Started GET "/assets/application.self-3b8dabdc891efe46b9a144b400ad69e37d7e5876bdc39dee783419a69d7ca819.js?body=1" for 127.0.0.1 at 2015-12-06 14:27:00 +0200


Started GET "/todo_items" for 127.0.0.1 at 2015-12-06 14:30:00 +0200
Processing by TodoItemsController#index as HTML
  [1m[36m (0.1ms)[0m  [1mSELECT COUNT(*) FROM "todo_items"[0m
  [1m[35mTodoItem Load (0.2ms)[0m  SELECT "todo_items".* FROM "todo_items"
  Rendered todo_items/index.html.erb within layouts/application (9.9ms)
Completed 200 OK in 51ms (Views: 45.2ms | ActiveRecord: 1.1ms)


Started GET "/assets/scaffolds.self-613d6ba06a9bb43d65a63447046bd0854f739a39725f7f08f3020dead2f3f3e9.css?body=1" for 127.0.0.1 at 2015-12-06 14:30:00 +0200


Started GET "/assets/todo_items.self-e3b0c44298fc1c149afbf4c8996fb92427ae41e4649b934ca495991b7852b855.css?body=1" for 127.0.0.1 at 2015-12-06 14:30:00 +0200


Started GET "/assets/application.self-e80e8f2318043e8af94dddc2adad5a4f09739a8ebb323b3ab31cd71d45fd9113.css?body=1" for 127.0.0.1 at 2015-12-06 14:30:00 +0200


Started GET "/assets/jquery.self-a714331225dda820228db323939889f149aec0127aeb06255646b616ba1ca419.js?body=1" for 127.0.0.1 at 2015-12-06 14:30:00 +0200


Started GET "/assets/jquery_ujs.self-d456baa54c1fa6be2ec3711f0a72ddf7a5b2f34a6b4f515f33767d6207b7d4b3.js?body=1" for 127.0.0.1 at 2015-12-06 14:30:00 +0200


Started GET "/assets/turbolinks.self-c37727e9bd6b2735da5c311aa83fead54ed0be6cc8bd9a65309e9c5abe2cbfff.js?body=1" for 127.0.0.1 at 2015-12-06 14:30:00 +0200


Started GET "/assets/todo_items.self-877aef30ae1b040ab8a3aba4e3e309a11d7f2612f44dde450b5c157aa5f95c05.js?body=1" for 127.0.0.1 at 2015-12-06 14:30:00 +0200


Started GET "/assets/application.self-3b8dabdc891efe46b9a144b400ad69e37d7e5876bdc39dee783419a69d7ca819.js?body=1" for 127.0.0.1 at 2015-12-06 14:30:00 +0200


Started GET "/todo_items" for 127.0.0.1 at 2015-12-06 14:30:49 +0200
Processing by TodoItemsController#index as HTML
  [1m[36m (0.2ms)[0m  [1mSELECT COUNT(*) FROM "todo_items"[0m
  [1m[35mTodoItem Load (0.3ms)[0m  SELECT "todo_items".* FROM "todo_items"
  Rendered todo_items/index.html.erb within layouts/application (4.6ms)
Completed 200 OK in 46ms (Views: 44.0ms | ActiveRecord: 0.5ms)


Started GET "/assets/scaffolds.self-613d6ba06a9bb43d65a63447046bd0854f739a39725f7f08f3020dead2f3f3e9.css?body=1" for 127.0.0.1 at 2015-12-06 14:30:49 +0200


Started GET "/assets/todo_items.self-e3b0c44298fc1c149afbf4c8996fb92427ae41e4649b934ca495991b7852b855.css?body=1" for 127.0.0.1 at 2015-12-06 14:30:49 +0200


Started GET "/assets/application.self-e80e8f2318043e8af94dddc2adad5a4f09739a8ebb323b3ab31cd71d45fd9113.css?body=1" for 127.0.0.1 at 2015-12-06 14:30:49 +0200


Started GET "/assets/jquery.self-a714331225dda820228db323939889f149aec0127aeb06255646b616ba1ca419.js?body=1" for 127.0.0.1 at 2015-12-06 14:30:49 +0200


Started GET "/assets/jquery_ujs.self-d456baa54c1fa6be2ec3711f0a72ddf7a5b2f34a6b4f515f33767d6207b7d4b3.js?body=1" for 127.0.0.1 at 2015-12-06 14:30:49 +0200


Started GET "/assets/turbolinks.self-c37727e9bd6b2735da5c311aa83fead54ed0be6cc8bd9a65309e9c5abe2cbfff.js?body=1" for 127.0.0.1 at 2015-12-06 14:30:49 +0200


Started GET "/assets/todo_items.self-877aef30ae1b040ab8a3aba4e3e309a11d7f2612f44dde450b5c157aa5f95c05.js?body=1" for 127.0.0.1 at 2015-12-06 14:30:49 +0200


Started GET "/assets/application.self-3b8dabdc891efe46b9a144b400ad69e37d7e5876bdc39dee783419a69d7ca819.js?body=1" for 127.0.0.1 at 2015-12-06 14:30:49 +0200


Started GET "/todo_items" for 127.0.0.1 at 2015-12-06 14:31:37 +0200
Processing by TodoItemsController#index as HTML
  [1m[36mTodoItem Load (0.9ms)[0m  [1mSELECT  "todo_items".* FROM "todo_items" WHERE "todo_items"."comleted" = 't' LIMIT 1[0m
SQLite3::SQLException: no such column: todo_items.comleted: SELECT  "todo_items".* FROM "todo_items" WHERE "todo_items"."comleted" = 't' LIMIT 1
Completed 500 Internal Server Error in 13ms (ActiveRecord: 1.5ms)

ActiveRecord::StatementInvalid (SQLite3::SQLException: no such column: todo_items.comleted: SELECT  "todo_items".* FROM "todo_items" WHERE "todo_items"."comleted" = 't' LIMIT 1):
  app/models/todo_item.rb:4:in `completed_count'
  app/controllers/todo_items_controller.rb:8:in `index'


  Rendered /home/n1amr/.rbenv/versions/2.2.2/lib/ruby/gems/2.2.0/gems/actionpack-4.2.3/lib/action_dispatch/middleware/templates/rescues/_source.erb (9.5ms)
  Rendered /home/n1amr/.rbenv/versions/2.2.2/lib/ruby/gems/2.2.0/gems/actionpack-4.2.3/lib/action_dispatch/middleware/templates/rescues/_trace.html.erb (2.5ms)
  Rendered /home/n1amr/.rbenv/versions/2.2.2/lib/ruby/gems/2.2.0/gems/actionpack-4.2.3/lib/action_dispatch/middleware/templates/rescues/_request_and_response.html.erb (0.7ms)
  Rendered /home/n1amr/.rbenv/versions/2.2.2/lib/ruby/gems/2.2.0/gems/actionpack-4.2.3/lib/action_dispatch/middleware/templates/rescues/diagnostics.html.erb within rescues/layout (26.1ms)
  Rendered /home/n1amr/.rbenv/versions/2.2.2/lib/ruby/gems/2.2.0/gems/web-console-2.2.1/lib/web_console/templates/_markup.html.erb (0.4ms)
  Rendered /home/n1amr/.rbenv/versions/2.2.2/lib/ruby/gems/2.2.0/gems/web-console-2.2.1/lib/web_console/templates/_inner_console_markup.html.erb within layouts/inlined_string (0.2ms)
  Rendered /home/n1amr/.rbenv/versions/2.2.2/lib/ruby/gems/2.2.0/gems/web-console-2.2.1/lib/web_console/templates/_prompt_box_markup.html.erb within layouts/inlined_string (0.2ms)
  Rendered /home/n1amr/.rbenv/versions/2.2.2/lib/ruby/gems/2.2.0/gems/web-console-2.2.1/lib/web_console/templates/style.css.erb within layouts/inlined_string (0.2ms)
  Rendered /home/n1amr/.rbenv/versions/2.2.2/lib/ruby/gems/2.2.0/gems/web-console-2.2.1/lib/web_console/templates/console.js.erb within layouts/javascript (12.8ms)
  Rendered /home/n1amr/.rbenv/versions/2.2.2/lib/ruby/gems/2.2.0/gems/web-console-2.2.1/lib/web_console/templates/main.js.erb within layouts/javascript (0.2ms)
  Rendered /home/n1amr/.rbenv/versions/2.2.2/lib/ruby/gems/2.2.0/gems/web-console-2.2.1/lib/web_console/templates/error_page.js.erb within layouts/javascript (0.3ms)
  Rendered /home/n1amr/.rbenv/versions/2.2.2/lib/ruby/gems/2.2.0/gems/web-console-2.2.1/lib/web_console/templates/index.html.erb (27.7ms)


Started GET "/todo_items" for 127.0.0.1 at 2015-12-06 14:31:50 +0200
Processing by TodoItemsController#index as HTML
  [1m[35mTodoItem Load (0.2ms)[0m  SELECT  "todo_items".* FROM "todo_items" WHERE "todo_items"."completed" = ? LIMIT 1  [["completed", "t"]]
Completed 500 Internal Server Error in 10ms (ActiveRecord: 0.8ms)

NoMethodError (undefined method `count' for #<TodoItem:0x007fd760079b28>):
  app/models/todo_item.rb:4:in `completed_count'
  app/controllers/todo_items_controller.rb:8:in `index'


  Rendered /home/n1amr/.rbenv/versions/2.2.2/lib/ruby/gems/2.2.0/gems/actionpack-4.2.3/lib/action_dispatch/middleware/templates/rescues/_source.erb (4.6ms)
  Rendered /home/n1amr/.rbenv/versions/2.2.2/lib/ruby/gems/2.2.0/gems/actionpack-4.2.3/lib/action_dispatch/middleware/templates/rescues/_trace.html.erb (1.9ms)
  Rendered /home/n1amr/.rbenv/versions/2.2.2/lib/ruby/gems/2.2.0/gems/actionpack-4.2.3/lib/action_dispatch/middleware/templates/rescues/_request_and_response.html.erb (0.9ms)
  Rendered /home/n1amr/.rbenv/versions/2.2.2/lib/ruby/gems/2.2.0/gems/actionpack-4.2.3/lib/action_dispatch/middleware/templates/rescues/diagnostics.html.erb within rescues/layout (20.3ms)
  Rendered /home/n1amr/.rbenv/versions/2.2.2/lib/ruby/gems/2.2.0/gems/web-console-2.2.1/lib/web_console/templates/_markup.html.erb (0.2ms)
  Rendered /home/n1amr/.rbenv/versions/2.2.2/lib/ruby/gems/2.2.0/gems/web-console-2.2.1/lib/web_console/templates/_inner_console_markup.html.erb within layouts/inlined_string (0.2ms)
  Rendered /home/n1amr/.rbenv/versions/2.2.2/lib/ruby/gems/2.2.0/gems/web-console-2.2.1/lib/web_console/templates/_prompt_box_markup.html.erb within layouts/inlined_string (0.3ms)
  Rendered /home/n1amr/.rbenv/versions/2.2.2/lib/ruby/gems/2.2.0/gems/web-console-2.2.1/lib/web_console/templates/style.css.erb within layouts/inlined_string (0.2ms)
  Rendered /home/n1amr/.rbenv/versions/2.2.2/lib/ruby/gems/2.2.0/gems/web-console-2.2.1/lib/web_console/templates/console.js.erb within layouts/javascript (13.2ms)
  Rendered /home/n1amr/.rbenv/versions/2.2.2/lib/ruby/gems/2.2.0/gems/web-console-2.2.1/lib/web_console/templates/main.js.erb within layouts/javascript (0.2ms)
  Rendered /home/n1amr/.rbenv/versions/2.2.2/lib/ruby/gems/2.2.0/gems/web-console-2.2.1/lib/web_console/templates/error_page.js.erb within layouts/javascript (0.4ms)
  Rendered /home/n1amr/.rbenv/versions/2.2.2/lib/ruby/gems/2.2.0/gems/web-console-2.2.1/lib/web_console/templates/index.html.erb (26.2ms)


Started GET "/todo_items" for 127.0.0.1 at 2015-12-06 14:32:05 +0200
Processing by TodoItemsController#index as HTML
  [1m[36mTodoItem Load (0.2ms)[0m  [1mSELECT  "todo_items".* FROM "todo_items" WHERE "todo_items"."completed" = ? LIMIT 1[0m  [["completed", "t"]]
Completed 500 Internal Server Error in 10ms (ActiveRecord: 0.7ms)

NoMethodError (undefined method `length' for #<TodoItem:0x007fd76df104b8>):
  app/models/todo_item.rb:4:in `completed_count'
  app/controllers/todo_items_controller.rb:8:in `index'


  Rendered /home/n1amr/.rbenv/versions/2.2.2/lib/ruby/gems/2.2.0/gems/actionpack-4.2.3/lib/action_dispatch/middleware/templates/rescues/_source.erb (4.2ms)
  Rendered /home/n1amr/.rbenv/versions/2.2.2/lib/ruby/gems/2.2.0/gems/actionpack-4.2.3/lib/action_dispatch/middleware/templates/rescues/_trace.html.erb (2.0ms)
  Rendered /home/n1amr/.rbenv/versions/2.2.2/lib/ruby/gems/2.2.0/gems/actionpack-4.2.3/lib/action_dispatch/middleware/templates/rescues/_request_and_response.html.erb (0.9ms)
  Rendered /home/n1amr/.rbenv/versions/2.2.2/lib/ruby/gems/2.2.0/gems/actionpack-4.2.3/lib/action_dispatch/middleware/templates/rescues/diagnostics.html.erb within rescues/layout (20.2ms)
  Rendered /home/n1amr/.rbenv/versions/2.2.2/lib/ruby/gems/2.2.0/gems/web-console-2.2.1/lib/web_console/templates/_markup.html.erb (0.4ms)
  Rendered /home/n1amr/.rbenv/versions/2.2.2/lib/ruby/gems/2.2.0/gems/web-console-2.2.1/lib/web_console/templates/_inner_console_markup.html.erb within layouts/inlined_string (0.3ms)
  Rendered /home/n1amr/.rbenv/versions/2.2.2/lib/ruby/gems/2.2.0/gems/web-console-2.2.1/lib/web_console/templates/_prompt_box_markup.html.erb within layouts/inlined_string (0.2ms)
  Rendered /home/n1amr/.rbenv/versions/2.2.2/lib/ruby/gems/2.2.0/gems/web-console-2.2.1/lib/web_console/templates/style.css.erb within layouts/inlined_string (0.3ms)
  Rendered /home/n1amr/.rbenv/versions/2.2.2/lib/ruby/gems/2.2.0/gems/web-console-2.2.1/lib/web_console/templates/console.js.erb within layouts/javascript (13.7ms)
  Rendered /home/n1amr/.rbenv/versions/2.2.2/lib/ruby/gems/2.2.0/gems/web-console-2.2.1/lib/web_console/templates/main.js.erb within layouts/javascript (0.2ms)
  Rendered /home/n1amr/.rbenv/versions/2.2.2/lib/ruby/gems/2.2.0/gems/web-console-2.2.1/lib/web_console/templates/error_page.js.erb within layouts/javascript (0.3ms)
  Rendered /home/n1amr/.rbenv/versions/2.2.2/lib/ruby/gems/2.2.0/gems/web-console-2.2.1/lib/web_console/templates/index.html.erb (27.6ms)


Started GET "/todo_items" for 127.0.0.1 at 2015-12-06 14:32:14 +0200
Processing by TodoItemsController#index as HTML
  [1m[35mTodoItem Load (0.2ms)[0m  SELECT  "todo_items".* FROM "todo_items" WHERE "todo_items"."completed" = ? LIMIT 1  [["completed", "t"]]
Completed 500 Internal Server Error in 8ms (ActiveRecord: 0.7ms)

NoMethodError (undefined method `to_a' for #<TodoItem:0x007fd75c1a3548>):
  app/models/todo_item.rb:4:in `completed_count'
  app/controllers/todo_items_controller.rb:8:in `index'


  Rendered /home/n1amr/.rbenv/versions/2.2.2/lib/ruby/gems/2.2.0/gems/actionpack-4.2.3/lib/action_dispatch/middleware/templates/rescues/_source.erb (3.8ms)
  Rendered /home/n1amr/.rbenv/versions/2.2.2/lib/ruby/gems/2.2.0/gems/actionpack-4.2.3/lib/action_dispatch/middleware/templates/rescues/_trace.html.erb (1.7ms)
  Rendered /home/n1amr/.rbenv/versions/2.2.2/lib/ruby/gems/2.2.0/gems/actionpack-4.2.3/lib/action_dispatch/middleware/templates/rescues/_request_and_response.html.erb (0.6ms)
  Rendered /home/n1amr/.rbenv/versions/2.2.2/lib/ruby/gems/2.2.0/gems/actionpack-4.2.3/lib/action_dispatch/middleware/templates/rescues/diagnostics.html.erb within rescues/layout (17.4ms)
  Rendered /home/n1amr/.rbenv/versions/2.2.2/lib/ruby/gems/2.2.0/gems/web-console-2.2.1/lib/web_console/templates/_markup.html.erb (0.2ms)
  Rendered /home/n1amr/.rbenv/versions/2.2.2/lib/ruby/gems/2.2.0/gems/web-console-2.2.1/lib/web_console/templates/_inner_console_markup.html.erb within layouts/inlined_string (0.3ms)
  Rendered /home/n1amr/.rbenv/versions/2.2.2/lib/ruby/gems/2.2.0/gems/web-console-2.2.1/lib/web_console/templates/_prompt_box_markup.html.erb within layouts/inlined_string (0.3ms)
  Rendered /home/n1amr/.rbenv/versions/2.2.2/lib/ruby/gems/2.2.0/gems/web-console-2.2.1/lib/web_console/templates/style.css.erb within layouts/inlined_string (0.3ms)
  Rendered /home/n1amr/.rbenv/versions/2.2.2/lib/ruby/gems/2.2.0/gems/web-console-2.2.1/lib/web_console/templates/console.js.erb within layouts/javascript (16.8ms)
  Rendered /home/n1amr/.rbenv/versions/2.2.2/lib/ruby/gems/2.2.0/gems/web-console-2.2.1/lib/web_console/templates/main.js.erb within layouts/javascript (0.2ms)
  Rendered /home/n1amr/.rbenv/versions/2.2.2/lib/ruby/gems/2.2.0/gems/web-console-2.2.1/lib/web_console/templates/error_page.js.erb within layouts/javascript (0.2ms)
  Rendered /home/n1amr/.rbenv/versions/2.2.2/lib/ruby/gems/2.2.0/gems/web-console-2.2.1/lib/web_console/templates/index.html.erb (29.8ms)


Started GET "/todo_items" for 127.0.0.1 at 2015-12-06 14:32:16 +0200
Processing by TodoItemsController#index as HTML
  [1m[36mTodoItem Load (0.2ms)[0m  [1mSELECT  "todo_items".* FROM "todo_items" WHERE "todo_items"."completed" = ? LIMIT 1[0m  [["completed", "t"]]
Completed 500 Internal Server Error in 3ms (ActiveRecord: 0.2ms)

NoMethodError (undefined method `to_a' for #<TodoItem:0x007fd76de86fd8>):
  app/models/todo_item.rb:4:in `completed_count'
  app/controllers/todo_items_controller.rb:8:in `index'


  Rendered /home/n1amr/.rbenv/versions/2.2.2/lib/ruby/gems/2.2.0/gems/actionpack-4.2.3/lib/action_dispatch/middleware/templates/rescues/_source.erb (5.6ms)
  Rendered /home/n1amr/.rbenv/versions/2.2.2/lib/ruby/gems/2.2.0/gems/actionpack-4.2.3/lib/action_dispatch/middleware/templates/rescues/_trace.html.erb (2.5ms)
  Rendered /home/n1amr/.rbenv/versions/2.2.2/lib/ruby/gems/2.2.0/gems/actionpack-4.2.3/lib/action_dispatch/middleware/templates/rescues/_request_and_response.html.erb (1.1ms)
  Rendered /home/n1amr/.rbenv/versions/2.2.2/lib/ruby/gems/2.2.0/gems/actionpack-4.2.3/lib/action_dispatch/middleware/templates/rescues/diagnostics.html.erb within rescues/layout (25.2ms)
  Rendered /home/n1amr/.rbenv/versions/2.2.2/lib/ruby/gems/2.2.0/gems/web-console-2.2.1/lib/web_console/templates/_markup.html.erb (0.3ms)
  Rendered /home/n1amr/.rbenv/versions/2.2.2/lib/ruby/gems/2.2.0/gems/web-console-2.2.1/lib/web_console/templates/_inner_console_markup.html.erb within layouts/inlined_string (0.3ms)
  Rendered /home/n1amr/.rbenv/versions/2.2.2/lib/ruby/gems/2.2.0/gems/web-console-2.2.1/lib/web_console/templates/_prompt_box_markup.html.erb within layouts/inlined_string (0.2ms)
  Rendered /home/n1amr/.rbenv/versions/2.2.2/lib/ruby/gems/2.2.0/gems/web-console-2.2.1/lib/web_console/templates/style.css.erb within layouts/inlined_string (0.3ms)
  Rendered /home/n1amr/.rbenv/versions/2.2.2/lib/ruby/gems/2.2.0/gems/web-console-2.2.1/lib/web_console/templates/console.js.erb within layouts/javascript (16.4ms)
  Rendered /home/n1amr/.rbenv/versions/2.2.2/lib/ruby/gems/2.2.0/gems/web-console-2.2.1/lib/web_console/templates/main.js.erb within layouts/javascript (0.2ms)
  Rendered /home/n1amr/.rbenv/versions/2.2.2/lib/ruby/gems/2.2.0/gems/web-console-2.2.1/lib/web_console/templates/error_page.js.erb within layouts/javascript (0.3ms)
  Rendered /home/n1amr/.rbenv/versions/2.2.2/lib/ruby/gems/2.2.0/gems/web-console-2.2.1/lib/web_console/templates/index.html.erb (32.7ms)


Started GET "/todo_items" for 127.0.0.1 at 2015-12-06 14:34:28 +0200
Processing by TodoItemsController#index as HTML
  [1m[35mTodoItem Load (0.2ms)[0m  SELECT  "todo_items".* FROM "todo_items" WHERE "todo_items"."completed" = ? LIMIT 1  [["completed", "true"]]
  [1m[36mTodoItem Load (0.2ms)[0m  [1mSELECT "todo_items".* FROM "todo_items"[0m
  Rendered todo_items/index.html.erb within layouts/application (7.9ms)
Completed 200 OK in 55ms (Views: 50.3ms | ActiveRecord: 1.2ms)


Started GET "/assets/scaffolds.self-613d6ba06a9bb43d65a63447046bd0854f739a39725f7f08f3020dead2f3f3e9.css?body=1" for 127.0.0.1 at 2015-12-06 14:34:28 +0200


Started GET "/assets/todo_items.self-e3b0c44298fc1c149afbf4c8996fb92427ae41e4649b934ca495991b7852b855.css?body=1" for 127.0.0.1 at 2015-12-06 14:34:28 +0200


Started GET "/assets/application.self-e80e8f2318043e8af94dddc2adad5a4f09739a8ebb323b3ab31cd71d45fd9113.css?body=1" for 127.0.0.1 at 2015-12-06 14:34:28 +0200


Started GET "/assets/jquery.self-a714331225dda820228db323939889f149aec0127aeb06255646b616ba1ca419.js?body=1" for 127.0.0.1 at 2015-12-06 14:34:29 +0200


Started GET "/assets/jquery_ujs.self-d456baa54c1fa6be2ec3711f0a72ddf7a5b2f34a6b4f515f33767d6207b7d4b3.js?body=1" for 127.0.0.1 at 2015-12-06 14:34:29 +0200


Started GET "/assets/turbolinks.self-c37727e9bd6b2735da5c311aa83fead54ed0be6cc8bd9a65309e9c5abe2cbfff.js?body=1" for 127.0.0.1 at 2015-12-06 14:34:29 +0200


Started GET "/assets/todo_items.self-877aef30ae1b040ab8a3aba4e3e309a11d7f2612f44dde450b5c157aa5f95c05.js?body=1" for 127.0.0.1 at 2015-12-06 14:34:29 +0200


Started GET "/assets/application.self-3b8dabdc891efe46b9a144b400ad69e37d7e5876bdc39dee783419a69d7ca819.js?body=1" for 127.0.0.1 at 2015-12-06 14:34:29 +0200


Started GET "/todo_items" for 127.0.0.1 at 2015-12-06 14:34:40 +0200
Processing by TodoItemsController#index as HTML
  [1m[35mTodoItem Load (0.1ms)[0m  SELECT  "todo_items".* FROM "todo_items" WHERE "todo_items"."completed" = ? LIMIT 1  [["completed", "true"]]
Completed 500 Internal Server Error in 3ms (ActiveRecord: 0.3ms)

NoMethodError (undefined method `count' for nil:NilClass):
  app/models/todo_item.rb:4:in `completed_count'
  app/controllers/todo_items_controller.rb:8:in `index'


  Rendered /home/n1amr/.rbenv/versions/2.2.2/lib/ruby/gems/2.2.0/gems/actionpack-4.2.3/lib/action_dispatch/middleware/templates/rescues/_source.erb (3.9ms)
  Rendered /home/n1amr/.rbenv/versions/2.2.2/lib/ruby/gems/2.2.0/gems/actionpack-4.2.3/lib/action_dispatch/middleware/templates/rescues/_trace.html.erb (1.7ms)
  Rendered /home/n1amr/.rbenv/versions/2.2.2/lib/ruby/gems/2.2.0/gems/actionpack-4.2.3/lib/action_dispatch/middleware/templates/rescues/_request_and_response.html.erb (0.7ms)
  Rendered /home/n1amr/.rbenv/versions/2.2.2/lib/ruby/gems/2.2.0/gems/actionpack-4.2.3/lib/action_dispatch/middleware/templates/rescues/diagnostics.html.erb within rescues/layout (18.1ms)
  Rendered /home/n1amr/.rbenv/versions/2.2.2/lib/ruby/gems/2.2.0/gems/web-console-2.2.1/lib/web_console/templates/_markup.html.erb (0.2ms)
  Rendered /home/n1amr/.rbenv/versions/2.2.2/lib/ruby/gems/2.2.0/gems/web-console-2.2.1/lib/web_console/templates/_inner_console_markup.html.erb within layouts/inlined_string (0.2ms)
  Rendered /home/n1amr/.rbenv/versions/2.2.2/lib/ruby/gems/2.2.0/gems/web-console-2.2.1/lib/web_console/templates/_prompt_box_markup.html.erb within layouts/inlined_string (0.2ms)
  Rendered /home/n1amr/.rbenv/versions/2.2.2/lib/ruby/gems/2.2.0/gems/web-console-2.2.1/lib/web_console/templates/style.css.erb within layouts/inlined_string (0.2ms)
  Rendered /home/n1amr/.rbenv/versions/2.2.2/lib/ruby/gems/2.2.0/gems/web-console-2.2.1/lib/web_console/templates/console.js.erb within layouts/javascript (12.5ms)
  Rendered /home/n1amr/.rbenv/versions/2.2.2/lib/ruby/gems/2.2.0/gems/web-console-2.2.1/lib/web_console/templates/main.js.erb within layouts/javascript (0.2ms)
  Rendered /home/n1amr/.rbenv/versions/2.2.2/lib/ruby/gems/2.2.0/gems/web-console-2.2.1/lib/web_console/templates/error_page.js.erb within layouts/javascript (0.2ms)
  Rendered /home/n1amr/.rbenv/versions/2.2.2/lib/ruby/gems/2.2.0/gems/web-console-2.2.1/lib/web_console/templates/index.html.erb (25.1ms)


Started GET "/todo_items" for 127.0.0.1 at 2015-12-06 14:35:08 +0200
Processing by TodoItemsController#index as HTML
  [1m[36mTodoItem Count (0.8ms)[0m  [1mWHERE completed = true[0m
SQLite3::SQLException: near "WHERE": syntax error: WHERE completed = true
Completed 500 Internal Server Error in 3ms (ActiveRecord: 0.8ms)

ActiveRecord::StatementInvalid (SQLite3::SQLException: near "WHERE": syntax error: WHERE completed = true):
  app/models/todo_item.rb:4:in `completed_count'
  app/controllers/todo_items_controller.rb:8:in `index'


  Rendered /home/n1amr/.rbenv/versions/2.2.2/lib/ruby/gems/2.2.0/gems/actionpack-4.2.3/lib/action_dispatch/middleware/templates/rescues/_source.erb (4.5ms)
  Rendered /home/n1amr/.rbenv/versions/2.2.2/lib/ruby/gems/2.2.0/gems/actionpack-4.2.3/lib/action_dispatch/middleware/templates/rescues/_trace.html.erb (1.9ms)
  Rendered /home/n1amr/.rbenv/versions/2.2.2/lib/ruby/gems/2.2.0/gems/actionpack-4.2.3/lib/action_dispatch/middleware/templates/rescues/_request_and_response.html.erb (0.6ms)
  Rendered /home/n1amr/.rbenv/versions/2.2.2/lib/ruby/gems/2.2.0/gems/actionpack-4.2.3/lib/action_dispatch/middleware/templates/rescues/diagnostics.html.erb within rescues/layout (18.2ms)
  Rendered /home/n1amr/.rbenv/versions/2.2.2/lib/ruby/gems/2.2.0/gems/web-console-2.2.1/lib/web_console/templates/_markup.html.erb (0.2ms)
  Rendered /home/n1amr/.rbenv/versions/2.2.2/lib/ruby/gems/2.2.0/gems/web-console-2.2.1/lib/web_console/templates/_inner_console_markup.html.erb within layouts/inlined_string (0.2ms)
  Rendered /home/n1amr/.rbenv/versions/2.2.2/lib/ruby/gems/2.2.0/gems/web-console-2.2.1/lib/web_console/templates/_prompt_box_markup.html.erb within layouts/inlined_string (0.2ms)
  Rendered /home/n1amr/.rbenv/versions/2.2.2/lib/ruby/gems/2.2.0/gems/web-console-2.2.1/lib/web_console/templates/style.css.erb within layouts/inlined_string (0.2ms)
  Rendered /home/n1amr/.rbenv/versions/2.2.2/lib/ruby/gems/2.2.0/gems/web-console-2.2.1/lib/web_console/templates/console.js.erb within layouts/javascript (12.5ms)
  Rendered /home/n1amr/.rbenv/versions/2.2.2/lib/ruby/gems/2.2.0/gems/web-console-2.2.1/lib/web_console/templates/main.js.erb within layouts/javascript (0.2ms)
  Rendered /home/n1amr/.rbenv/versions/2.2.2/lib/ruby/gems/2.2.0/gems/web-console-2.2.1/lib/web_console/templates/error_page.js.erb within layouts/javascript (0.2ms)
  Rendered /home/n1amr/.rbenv/versions/2.2.2/lib/ruby/gems/2.2.0/gems/web-console-2.2.1/lib/web_console/templates/index.html.erb (24.7ms)


Started GET "/todo_items" for 127.0.0.1 at 2015-12-06 14:35:53 +0200
Processing by TodoItemsController#index as HTML
  [1m[35mTodoItem Load (0.2ms)[0m  SELECT  "todo_items".* FROM "todo_items" WHERE "todo_items"."completed" = ? LIMIT 1  [["completed", "t"]]
Completed 500 Internal Server Error in 10ms (ActiveRecord: 0.8ms)

NoMethodError (undefined method `to_a' for #<TodoItem:0x007fd76df432c8>):
  app/models/todo_item.rb:4:in `completed_count'
  app/controllers/todo_items_controller.rb:8:in `index'


  Rendered /home/n1amr/.rbenv/versions/2.2.2/lib/ruby/gems/2.2.0/gems/actionpack-4.2.3/lib/action_dispatch/middleware/templates/rescues/_source.erb (5.3ms)
  Rendered /home/n1amr/.rbenv/versions/2.2.2/lib/ruby/gems/2.2.0/gems/actionpack-4.2.3/lib/action_dispatch/middleware/templates/rescues/_trace.html.erb (2.1ms)
  Rendered /home/n1amr/.rbenv/versions/2.2.2/lib/ruby/gems/2.2.0/gems/actionpack-4.2.3/lib/action_dispatch/middleware/templates/rescues/_request_and_response.html.erb (0.8ms)
  Rendered /home/n1amr/.rbenv/versions/2.2.2/lib/ruby/gems/2.2.0/gems/actionpack-4.2.3/lib/action_dispatch/middleware/templates/rescues/diagnostics.html.erb within rescues/layout (22.9ms)
  Rendered /home/n1amr/.rbenv/versions/2.2.2/lib/ruby/gems/2.2.0/gems/web-console-2.2.1/lib/web_console/templates/_markup.html.erb (0.3ms)
  Rendered /home/n1amr/.rbenv/versions/2.2.2/lib/ruby/gems/2.2.0/gems/web-console-2.2.1/lib/web_console/templates/_inner_console_markup.html.erb within layouts/inlined_string (0.2ms)
  Rendered /home/n1amr/.rbenv/versions/2.2.2/lib/ruby/gems/2.2.0/gems/web-console-2.2.1/lib/web_console/templates/_prompt_box_markup.html.erb within layouts/inlined_string (0.2ms)
  Rendered /home/n1amr/.rbenv/versions/2.2.2/lib/ruby/gems/2.2.0/gems/web-console-2.2.1/lib/web_console/templates/style.css.erb within layouts/inlined_string (0.2ms)
  Rendered /home/n1amr/.rbenv/versions/2.2.2/lib/ruby/gems/2.2.0/gems/web-console-2.2.1/lib/web_console/templates/console.js.erb within layouts/javascript (14.8ms)
  Rendered /home/n1amr/.rbenv/versions/2.2.2/lib/ruby/gems/2.2.0/gems/web-console-2.2.1/lib/web_console/templates/main.js.erb within layouts/javascript (0.2ms)
  Rendered /home/n1amr/.rbenv/versions/2.2.2/lib/ruby/gems/2.2.0/gems/web-console-2.2.1/lib/web_console/templates/error_page.js.erb within layouts/javascript (0.3ms)
  Rendered /home/n1amr/.rbenv/versions/2.2.2/lib/ruby/gems/2.2.0/gems/web-console-2.2.1/lib/web_console/templates/index.html.erb (29.6ms)


Started GET "/todo_items" for 127.0.0.1 at 2015-12-06 14:36:06 +0200
Processing by TodoItemsController#index as HTML
  [1m[36mTodoItem Load (0.2ms)[0m  [1mSELECT  "todo_items".* FROM "todo_items" WHERE "todo_items"."completed" = ? LIMIT 1[0m  [["completed", "t"]]
Completed 500 Internal Server Error in 11ms (ActiveRecord: 0.9ms)

NoMethodError (undefined method `all' for #<TodoItem:0x007fd77cbe18f0>):
  app/models/todo_item.rb:4:in `completed_count'
  app/controllers/todo_items_controller.rb:8:in `index'


  Rendered /home/n1amr/.rbenv/versions/2.2.2/lib/ruby/gems/2.2.0/gems/actionpack-4.2.3/lib/action_dispatch/middleware/templates/rescues/_source.erb (4.8ms)
  Rendered /home/n1amr/.rbenv/versions/2.2.2/lib/ruby/gems/2.2.0/gems/actionpack-4.2.3/lib/action_dispatch/middleware/templates/rescues/_trace.html.erb (2.0ms)
  Rendered /home/n1amr/.rbenv/versions/2.2.2/lib/ruby/gems/2.2.0/gems/actionpack-4.2.3/lib/action_dispatch/middleware/templates/rescues/_request_and_response.html.erb (0.8ms)
  Rendered /home/n1amr/.rbenv/versions/2.2.2/lib/ruby/gems/2.2.0/gems/actionpack-4.2.3/lib/action_dispatch/middleware/templates/rescues/diagnostics.html.erb within rescues/layout (21.7ms)
  Rendered /home/n1amr/.rbenv/versions/2.2.2/lib/ruby/gems/2.2.0/gems/web-console-2.2.1/lib/web_console/templates/_markup.html.erb (0.2ms)
  Rendered /home/n1amr/.rbenv/versions/2.2.2/lib/ruby/gems/2.2.0/gems/web-console-2.2.1/lib/web_console/templates/_inner_console_markup.html.erb within layouts/inlined_string (0.2ms)
  Rendered /home/n1amr/.rbenv/versions/2.2.2/lib/ruby/gems/2.2.0/gems/web-console-2.2.1/lib/web_console/templates/_prompt_box_markup.html.erb within layouts/inlined_string (0.2ms)
  Rendered /home/n1amr/.rbenv/versions/2.2.2/lib/ruby/gems/2.2.0/gems/web-console-2.2.1/lib/web_console/templates/style.css.erb within layouts/inlined_string (0.2ms)
  Rendered /home/n1amr/.rbenv/versions/2.2.2/lib/ruby/gems/2.2.0/gems/web-console-2.2.1/lib/web_console/templates/console.js.erb within layouts/javascript (14.4ms)
  Rendered /home/n1amr/.rbenv/versions/2.2.2/lib/ruby/gems/2.2.0/gems/web-console-2.2.1/lib/web_console/templates/main.js.erb within layouts/javascript (0.2ms)
  Rendered /home/n1amr/.rbenv/versions/2.2.2/lib/ruby/gems/2.2.0/gems/web-console-2.2.1/lib/web_console/templates/error_page.js.erb within layouts/javascript (0.3ms)
  Rendered /home/n1amr/.rbenv/versions/2.2.2/lib/ruby/gems/2.2.0/gems/web-console-2.2.1/lib/web_console/templates/index.html.erb (28.8ms)


Started GET "/todo_items" for 127.0.0.1 at 2015-12-06 14:36:13 +0200
Processing by TodoItemsController#index as HTML
  [1m[35mTodoItem Load (0.2ms)[0m  SELECT  "todo_items".* FROM "todo_items" WHERE "todo_items"."completed" = ? LIMIT 1  [["completed", "t"]]
  [1m[36mTodoItem Load (0.2ms)[0m  [1mSELECT "todo_items".* FROM "todo_items"[0m
  Rendered todo_items/index.html.erb within layouts/application (2.9ms)
Completed 200 OK in 41ms (Views: 32.6ms | ActiveRecord: 0.9ms)


Started GET "/assets/scaffolds.self-613d6ba06a9bb43d65a63447046bd0854f739a39725f7f08f3020dead2f3f3e9.css?body=1" for 127.0.0.1 at 2015-12-06 14:36:13 +0200


Started GET "/assets/jquery.self-a714331225dda820228db323939889f149aec0127aeb06255646b616ba1ca419.js?body=1" for 127.0.0.1 at 2015-12-06 14:36:13 +0200


Started GET "/assets/todo_items.self-e3b0c44298fc1c149afbf4c8996fb92427ae41e4649b934ca495991b7852b855.css?body=1" for 127.0.0.1 at 2015-12-06 14:36:13 +0200


Started GET "/assets/jquery_ujs.self-d456baa54c1fa6be2ec3711f0a72ddf7a5b2f34a6b4f515f33767d6207b7d4b3.js?body=1" for 127.0.0.1 at 2015-12-06 14:36:13 +0200


Started GET "/assets/turbolinks.self-c37727e9bd6b2735da5c311aa83fead54ed0be6cc8bd9a65309e9c5abe2cbfff.js?body=1" for 127.0.0.1 at 2015-12-06 14:36:13 +0200


Started GET "/assets/application.self-e80e8f2318043e8af94dddc2adad5a4f09739a8ebb323b3ab31cd71d45fd9113.css?body=1" for 127.0.0.1 at 2015-12-06 14:36:13 +0200


Started GET "/assets/todo_items.self-877aef30ae1b040ab8a3aba4e3e309a11d7f2612f44dde450b5c157aa5f95c05.js?body=1" for 127.0.0.1 at 2015-12-06 14:36:13 +0200


Started GET "/assets/application.self-3b8dabdc891efe46b9a144b400ad69e37d7e5876bdc39dee783419a69d7ca819.js?body=1" for 127.0.0.1 at 2015-12-06 14:36:13 +0200


Started GET "/todo_items" for 127.0.0.1 at 2015-12-06 14:36:23 +0200
Processing by TodoItemsController#index as HTML
  [1m[35mTodoItem Load (0.3ms)[0m  SELECT  "todo_items".* FROM "todo_items" WHERE "todo_items"."completed" = ? LIMIT 1  [["completed", "t"]]
Completed 500 Internal Server Error in 12ms (ActiveRecord: 1.0ms)

NoMethodError (undefined method `count' for #<TodoItem:0x007fd77d0af3f0>):
  app/models/todo_item.rb:4:in `completed_count'
  app/controllers/todo_items_controller.rb:8:in `index'


  Rendered /home/n1amr/.rbenv/versions/2.2.2/lib/ruby/gems/2.2.0/gems/actionpack-4.2.3/lib/action_dispatch/middleware/templates/rescues/_source.erb (5.2ms)
  Rendered /home/n1amr/.rbenv/versions/2.2.2/lib/ruby/gems/2.2.0/gems/actionpack-4.2.3/lib/action_dispatch/middleware/templates/rescues/_trace.html.erb (2.1ms)
  Rendered /home/n1amr/.rbenv/versions/2.2.2/lib/ruby/gems/2.2.0/gems/actionpack-4.2.3/lib/action_dispatch/middleware/templates/rescues/_request_and_response.html.erb (0.8ms)
  Rendered /home/n1amr/.rbenv/versions/2.2.2/lib/ruby/gems/2.2.0/gems/actionpack-4.2.3/lib/action_dispatch/middleware/templates/rescues/diagnostics.html.erb within rescues/layout (23.0ms)
  Rendered /home/n1amr/.rbenv/versions/2.2.2/lib/ruby/gems/2.2.0/gems/web-console-2.2.1/lib/web_console/templates/_markup.html.erb (0.3ms)
  Rendered /home/n1amr/.rbenv/versions/2.2.2/lib/ruby/gems/2.2.0/gems/web-console-2.2.1/lib/web_console/templates/_inner_console_markup.html.erb within layouts/inlined_string (0.2ms)
  Rendered /home/n1amr/.rbenv/versions/2.2.2/lib/ruby/gems/2.2.0/gems/web-console-2.2.1/lib/web_console/templates/_prompt_box_markup.html.erb within layouts/inlined_string (0.2ms)
  Rendered /home/n1amr/.rbenv/versions/2.2.2/lib/ruby/gems/2.2.0/gems/web-console-2.2.1/lib/web_console/templates/style.css.erb within layouts/inlined_string (0.2ms)
  Rendered /home/n1amr/.rbenv/versions/2.2.2/lib/ruby/gems/2.2.0/gems/web-console-2.2.1/lib/web_console/templates/console.js.erb within layouts/javascript (15.0ms)
  Rendered /home/n1amr/.rbenv/versions/2.2.2/lib/ruby/gems/2.2.0/gems/web-console-2.2.1/lib/web_console/templates/main.js.erb within layouts/javascript (0.2ms)
  Rendered /home/n1amr/.rbenv/versions/2.2.2/lib/ruby/gems/2.2.0/gems/web-console-2.2.1/lib/web_console/templates/error_page.js.erb within layouts/javascript (0.3ms)
  Rendered /home/n1amr/.rbenv/versions/2.2.2/lib/ruby/gems/2.2.0/gems/web-console-2.2.1/lib/web_console/templates/index.html.erb (30.1ms)


Started GET "/todo_items" for 127.0.0.1 at 2015-12-06 14:36:28 +0200
Processing by TodoItemsController#index as HTML
  [1m[36mTodoItem Load (0.1ms)[0m  [1mSELECT  "todo_items".* FROM "todo_items" WHERE "todo_items"."completed" = ? LIMIT 1[0m  [["completed", "t"]]
  [1m[35mTodoItem Load (0.2ms)[0m  SELECT "todo_items".* FROM "todo_items"
  Rendered todo_items/index.html.erb within layouts/application (2.2ms)
Completed 200 OK in 33ms (Views: 26.5ms | ActiveRecord: 0.7ms)


Started GET "/assets/scaffolds.self-613d6ba06a9bb43d65a63447046bd0854f739a39725f7f08f3020dead2f3f3e9.css?body=1" for 127.0.0.1 at 2015-12-06 14:36:28 +0200


Started GET "/assets/application.self-e80e8f2318043e8af94dddc2adad5a4f09739a8ebb323b3ab31cd71d45fd9113.css?body=1" for 127.0.0.1 at 2015-12-06 14:36:28 +0200


Started GET "/assets/todo_items.self-e3b0c44298fc1c149afbf4c8996fb92427ae41e4649b934ca495991b7852b855.css?body=1" for 127.0.0.1 at 2015-12-06 14:36:28 +0200


Started GET "/assets/jquery.self-a714331225dda820228db323939889f149aec0127aeb06255646b616ba1ca419.js?body=1" for 127.0.0.1 at 2015-12-06 14:36:28 +0200


Started GET "/assets/jquery_ujs.self-d456baa54c1fa6be2ec3711f0a72ddf7a5b2f34a6b4f515f33767d6207b7d4b3.js?body=1" for 127.0.0.1 at 2015-12-06 14:36:28 +0200


Started GET "/assets/turbolinks.self-c37727e9bd6b2735da5c311aa83fead54ed0be6cc8bd9a65309e9c5abe2cbfff.js?body=1" for 127.0.0.1 at 2015-12-06 14:36:28 +0200


Started GET "/assets/todo_items.self-877aef30ae1b040ab8a3aba4e3e309a11d7f2612f44dde450b5c157aa5f95c05.js?body=1" for 127.0.0.1 at 2015-12-06 14:36:28 +0200


Started GET "/assets/application.self-3b8dabdc891efe46b9a144b400ad69e37d7e5876bdc39dee783419a69d7ca819.js?body=1" for 127.0.0.1 at 2015-12-06 14:36:28 +0200


Started GET "/todo_items" for 127.0.0.1 at 2015-12-06 14:36:57 +0200
Processing by TodoItemsController#index as HTML
  [1m[36mTodoItem Load (0.2ms)[0m  [1mSELECT "todo_items".* FROM "todo_items"[0m
  Rendered todo_items/index.html.erb within layouts/application (5.8ms)
Completed 200 OK in 30ms (Views: 27.2ms | ActiveRecord: 0.6ms)


Started GET "/assets/todo_items.self-e3b0c44298fc1c149afbf4c8996fb92427ae41e4649b934ca495991b7852b855.css?body=1" for 127.0.0.1 at 2015-12-06 14:36:57 +0200


Started GET "/assets/scaffolds.self-613d6ba06a9bb43d65a63447046bd0854f739a39725f7f08f3020dead2f3f3e9.css?body=1" for 127.0.0.1 at 2015-12-06 14:36:57 +0200


Started GET "/assets/application.self-e80e8f2318043e8af94dddc2adad5a4f09739a8ebb323b3ab31cd71d45fd9113.css?body=1" for 127.0.0.1 at 2015-12-06 14:36:57 +0200


Started GET "/assets/jquery.self-a714331225dda820228db323939889f149aec0127aeb06255646b616ba1ca419.js?body=1" for 127.0.0.1 at 2015-12-06 14:36:57 +0200


Started GET "/assets/jquery_ujs.self-d456baa54c1fa6be2ec3711f0a72ddf7a5b2f34a6b4f515f33767d6207b7d4b3.js?body=1" for 127.0.0.1 at 2015-12-06 14:36:57 +0200


Started GET "/assets/turbolinks.self-c37727e9bd6b2735da5c311aa83fead54ed0be6cc8bd9a65309e9c5abe2cbfff.js?body=1" for 127.0.0.1 at 2015-12-06 14:36:57 +0200


Started GET "/assets/todo_items.self-877aef30ae1b040ab8a3aba4e3e309a11d7f2612f44dde450b5c157aa5f95c05.js?body=1" for 127.0.0.1 at 2015-12-06 14:36:57 +0200


Started GET "/assets/application.self-3b8dabdc891efe46b9a144b400ad69e37d7e5876bdc39dee783419a69d7ca819.js?body=1" for 127.0.0.1 at 2015-12-06 14:36:57 +0200


Started GET "/todo_items" for 127.0.0.1 at 2015-12-06 14:37:02 +0200
Processing by TodoItemsController#index as HTML
  [1m[35m (0.1ms)[0m  SELECT COUNT(*) FROM "todo_items" WHERE "todo_items"."completed" = ?  [["completed", "t"]]
  [1m[36mTodoItem Load (0.1ms)[0m  [1mSELECT "todo_items".* FROM "todo_items"[0m
  Rendered todo_items/index.html.erb within layouts/application (4.8ms)
Completed 200 OK in 28ms (Views: 25.4ms | ActiveRecord: 0.6ms)


Started GET "/assets/scaffolds.self-613d6ba06a9bb43d65a63447046bd0854f739a39725f7f08f3020dead2f3f3e9.css?body=1" for 127.0.0.1 at 2015-12-06 14:37:02 +0200


Started GET "/assets/application.self-e80e8f2318043e8af94dddc2adad5a4f09739a8ebb323b3ab31cd71d45fd9113.css?body=1" for 127.0.0.1 at 2015-12-06 14:37:02 +0200


Started GET "/assets/todo_items.self-e3b0c44298fc1c149afbf4c8996fb92427ae41e4649b934ca495991b7852b855.css?body=1" for 127.0.0.1 at 2015-12-06 14:37:02 +0200


Started GET "/assets/jquery.self-a714331225dda820228db323939889f149aec0127aeb06255646b616ba1ca419.js?body=1" for 127.0.0.1 at 2015-12-06 14:37:02 +0200


Started GET "/assets/jquery_ujs.self-d456baa54c1fa6be2ec3711f0a72ddf7a5b2f34a6b4f515f33767d6207b7d4b3.js?body=1" for 127.0.0.1 at 2015-12-06 14:37:02 +0200


Started GET "/assets/turbolinks.self-c37727e9bd6b2735da5c311aa83fead54ed0be6cc8bd9a65309e9c5abe2cbfff.js?body=1" for 127.0.0.1 at 2015-12-06 14:37:02 +0200


Started GET "/assets/todo_items.self-877aef30ae1b040ab8a3aba4e3e309a11d7f2612f44dde450b5c157aa5f95c05.js?body=1" for 127.0.0.1 at 2015-12-06 14:37:02 +0200


Started GET "/assets/application.self-3b8dabdc891efe46b9a144b400ad69e37d7e5876bdc39dee783419a69d7ca819.js?body=1" for 127.0.0.1 at 2015-12-06 14:37:02 +0200


Started GET "/todo_items/5" for 127.0.0.1 at 2015-12-06 14:37:08 +0200
Processing by TodoItemsController#show as HTML
  Parameters: {"id"=>"5"}
  [1m[35mTodoItem Load (0.2ms)[0m  SELECT  "todo_items".* FROM "todo_items" WHERE "todo_items"."id" = ? LIMIT 1  [["id", 5]]
  Rendered todo_items/show.html.erb within layouts/application (0.8ms)
Completed 200 OK in 25ms (Views: 24.0ms | ActiveRecord: 0.2ms)


Started GET "/todo_items/5/edit" for 127.0.0.1 at 2015-12-06 14:37:10 +0200
Processing by TodoItemsController#edit as HTML
  Parameters: {"id"=>"5"}
  [1m[36mTodoItem Load (0.1ms)[0m  [1mSELECT  "todo_items".* FROM "todo_items" WHERE "todo_items"."id" = ? LIMIT 1[0m  [["id", 5]]
  Rendered todo_items/_form.html.erb (27.0ms)
  Rendered todo_items/edit.html.erb within layouts/application (28.9ms)
Completed 200 OK in 65ms (Views: 63.3ms | ActiveRecord: 0.1ms)


Started PATCH "/todo_items/5" for 127.0.0.1 at 2015-12-06 14:37:12 +0200
Processing by TodoItemsController#update as HTML
  Parameters: {"utf8"=>"✓", "authenticity_token"=>"xoQcf1WXcZvevbAy9akTapub8QAmU14mE6QcQO2GVms1TFez2iI7d5JkH6BDbZqD0LXZI6vHzLH1ZUsHzeTv5g==", "todo_item"=>{"due_date(1i)"=>"2015", "due_date(2i)"=>"12", "due_date(3i)"=>"6", "title"=>"aa", "description"=>"aaa", "completed"=>"0"}, "commit"=>"Update Todo item", "id"=>"5"}
  [1m[35mTodoItem Load (0.1ms)[0m  SELECT  "todo_items".* FROM "todo_items" WHERE "todo_items"."id" = ? LIMIT 1  [["id", 5]]
  [1m[36m (0.1ms)[0m  [1mbegin transaction[0m
  [1m[35mSQL (170.1ms)[0m  UPDATE "todo_items" SET "completed" = ?, "updated_at" = ? WHERE "todo_items"."id" = ?  [["completed", "f"], ["updated_at", "2015-12-06 12:37:12.523392"], ["id", 5]]
  [1m[36m (396.5ms)[0m  [1mcommit transaction[0m
Redirected to http://0.0.0.0:3000/todo_items/5
Completed 302 Found in 574ms (ActiveRecord: 566.9ms)


Started GET "/todo_items/5" for 127.0.0.1 at 2015-12-06 14:37:13 +0200
Processing by TodoItemsController#show as HTML
  Parameters: {"id"=>"5"}
  [1m[35mTodoItem Load (0.2ms)[0m  SELECT  "todo_items".* FROM "todo_items" WHERE "todo_items"."id" = ? LIMIT 1  [["id", 5]]
  Rendered todo_items/show.html.erb within layouts/application (1.5ms)
Completed 200 OK in 48ms (Views: 46.6ms | ActiveRecord: 0.2ms)


Started GET "/todo_items" for 127.0.0.1 at 2015-12-06 14:37:14 +0200
Processing by TodoItemsController#index as HTML
  [1m[36m (0.2ms)[0m  [1mSELECT COUNT(*) FROM "todo_items" WHERE "todo_items"."completed" = ?[0m  [["completed", "t"]]
  [1m[35mTodoItem Load (0.2ms)[0m  SELECT "todo_items".* FROM "todo_items"
  Rendered todo_items/index.html.erb within layouts/application (4.2ms)
Completed 200 OK in 43ms (Views: 40.7ms | ActiveRecord: 0.4ms)
